[2022-03-10 23:38:33] [ INFO ] [BusinessDB:&L] init Connection
[2022-03-10 23:38:34] [ INFO ] [BusinessDB:&L] Init Connection: SUCCESS
[2022-03-10 23:38:34] [ INFO ] [BusinessDB:&L] init DB
[2022-03-10 23:38:34] [ INFO ] [BusinessDB:&L] init DB: SUCCESS
[2022-03-10 23:38:34] [ INFO ] [BusinessDB:&L] try to insert employee1 data
[2022-03-10 23:38:34] [ INFO ] [BusinessDB:&L] try to insert employee1 data: SUCCESS 
[2022-03-10 23:38:34] [ INFO ] [BusinessDB:&L] try to insert employee2 data
[2022-03-10 23:38:34] [ INFO ] [BusinessDB:&L] try to insert employee1 data: SUCCESS 
[2022-03-10 23:38:34] [ INFO ] [BusinessDB:&L] try to insert employee3 data
[2022-03-10 23:38:34] [ ERROR] [BusinessDB:&L] insert data employee3 ERROR:org.h2.jdbc.JdbcSQLIntegrityConstraintViolationException: Violación de indice de Unicidad ó Clave primaria: "PRIMARY KEY ON PUBLIC.EMPRESA(ID) ( /* key:1 */ 1, 24, 'pablo', ' ventas ', '22/02/21')"
Unique index or primary key violation: "PRIMARY KEY ON PUBLIC.EMPRESA(ID) ( /* key:1 */ 1, 24, 'pablo', ' ventas ', '22/02/21')"; SQL statement:
INSERT INTO EMPRESA VALUES(1, 50 , 'pablo4', ' ventas ', '22/02/21') [23505-210]
[2022-03-10 23:38:34] [ INFO ] [BusinessDB:&L] Show Table Data init
[2022-03-10 23:38:34] [ DEBUG] [BusinessDB:&L] rs4: org.h2.result.LocalResult@3c130745 columns: 5 rows: 2 pos: 2
[2022-03-10 23:38:34] [ INFO ] [BusinessDB:&L] update data employee started
[2022-03-10 23:38:34] [ INFO ] [BusinessDB:&L] update data employee: SUCCESS
[2022-03-10 23:39:12] [ INFO ] [BusinessDB:&L] init Connection
[2022-03-10 23:39:12] [ INFO ] [BusinessDB:&L] Init Connection: SUCCESS
[2022-03-10 23:39:12] [ INFO ] [BusinessDB:&L] init DB
[2022-03-10 23:39:12] [ INFO ] [BusinessDB:&L] init DB: SUCCESS
[2022-03-10 23:39:12] [ INFO ] [BusinessDB:&L] try to insert employee1 data
[2022-03-10 23:39:12] [ INFO ] [BusinessDB:&L] try to insert employee1 data: SUCCESS 
[2022-03-10 23:39:12] [ INFO ] [BusinessDB:&L] try to insert employee2 data
[2022-03-10 23:39:12] [ INFO ] [BusinessDB:&L] try to insert employee1 data: SUCCESS 
[2022-03-10 23:39:12] [ INFO ] [BusinessDB:&L] try to insert employee3 data
[2022-03-10 23:39:12] [ ERROR] [BusinessDB:&L] insert data employee3 ERROR:org.h2.jdbc.JdbcSQLIntegrityConstraintViolationException: Violación de indice de Unicidad ó Clave primaria: "PRIMARY KEY ON PUBLIC.EMPRESA(ID) ( /* key:1 */ 1, 24, 'pablo', ' ventas ', '22/02/21')"
Unique index or primary key violation: "PRIMARY KEY ON PUBLIC.EMPRESA(ID) ( /* key:1 */ 1, 24, 'pablo', ' ventas ', '22/02/21')"; SQL statement:
INSERT INTO EMPRESA VALUES(1, 50 , 'pablo4', ' ventas ', '22/02/21') [23505-210]
[2022-03-10 23:39:12] [ INFO ] [BusinessDB:&L] Show Table Data init
[2022-03-10 23:39:12] [ DEBUG] [BusinessDB:&L] rs4: org.h2.result.LocalResult@3c130745 columns: 5 rows: 2 pos: 2
[2022-03-10 23:39:12] [ INFO ] [BusinessDB:&L] update data employee started
[2022-03-10 23:39:12] [ INFO ] [BusinessDB:&L] update data employee: SUCCESS
[2022-03-10 23:40:52] [ INFO ] [BusinessDB:&L] init Connection
[2022-03-10 23:40:54] [ INFO ] [BusinessDB:&L] Init Connection: SUCCESS
[2022-03-10 23:40:54] [ INFO ] [BusinessDB:&L] init DB
[2022-03-10 23:40:54] [ INFO ] [BusinessDB:&L] init DB: SUCCESS
[2022-03-10 23:40:54] [ INFO ] [BusinessDB:&L] try to insert employee1 data
[2022-03-10 23:40:54] [ INFO ] [BusinessDB:&L] try to insert employee1 data: SUCCESS 
[2022-03-10 23:40:54] [ INFO ] [BusinessDB:&L] try to insert employee2 data
[2022-03-10 23:40:54] [ INFO ] [BusinessDB:&L] try to insert employee1 data: SUCCESS 
[2022-03-10 23:40:54] [ INFO ] [BusinessDB:&L] try to insert employee3 data
[2022-03-10 23:40:54] [ ERROR] [BusinessDB:&L] insert data employee3 ERROR:org.h2.jdbc.JdbcSQLIntegrityConstraintViolationException: Violación de indice de Unicidad ó Clave primaria: "PRIMARY KEY ON PUBLIC.EMPRESA(ID) ( /* key:1 */ 1, 24, 'pablo', ' ventas ', '22/02/21')"
Unique index or primary key violation: "PRIMARY KEY ON PUBLIC.EMPRESA(ID) ( /* key:1 */ 1, 24, 'pablo', ' ventas ', '22/02/21')"; SQL statement:
INSERT INTO EMPRESA VALUES(1, 50 , 'pablo4', ' ventas ', '22/02/21') [23505-210]
[2022-03-10 23:40:54] [ INFO ] [BusinessDB:&L] Show Table Data init
[2022-03-10 23:40:54] [ DEBUG] [BusinessDB:&L] rs4: org.h2.result.LocalResult@3c130745 columns: 5 rows: 2 pos: 2
[2022-03-10 23:40:54] [ INFO ] [BusinessDB:&L] update data employee started
[2022-03-10 23:40:54] [ INFO ] [BusinessDB:&L] update data employee: SUCCESS
[2022-03-10 23:42:17] [ INFO ] [BusinessDB:&L] init Connection
[2022-03-10 23:42:18] [ INFO ] [BusinessDB:&L] Init Connection: SUCCESS
[2022-03-10 23:42:18] [ INFO ] [BusinessDB:&L] init DB
[2022-03-10 23:42:18] [ INFO ] [BusinessDB:&L] init DB: SUCCESS
[2022-03-10 23:42:18] [ INFO ] [BusinessDB:&L] try to insert employee1 data
[2022-03-10 23:42:18] [ INFO ] [BusinessDB:&L] try to insert employee1 data: SUCCESS 
[2022-03-10 23:42:18] [ INFO ] [BusinessDB:&L] try to insert employee2 data
[2022-03-10 23:42:18] [ INFO ] [BusinessDB:&L] try to insert employee1 data: SUCCESS 
[2022-03-10 23:42:18] [ INFO ] [BusinessDB:&L] try to insert employee3 data
[2022-03-10 23:42:18] [ ERROR] [BusinessDB:&L] insert data employee3 ERROR:org.h2.jdbc.JdbcSQLIntegrityConstraintViolationException: Violación de indice de Unicidad ó Clave primaria: "PRIMARY KEY ON PUBLIC.EMPRESA(ID) ( /* key:1 */ 1, 24, 'pablo', ' ventas ', '22/02/21')"
Unique index or primary key violation: "PRIMARY KEY ON PUBLIC.EMPRESA(ID) ( /* key:1 */ 1, 24, 'pablo', ' ventas ', '22/02/21')"; SQL statement:
INSERT INTO EMPRESA VALUES(1, 50 , 'pablo4', ' ventas ', '22/02/21') [23505-210]
[2022-03-10 23:42:18] [ INFO ] [BusinessDB:&L] Show Table Data init
[2022-03-10 23:42:18] [ DEBUG] [BusinessDB:&L] rs4: org.h2.result.LocalResult@3c130745 columns: 5 rows: 2 pos: 2
[2022-03-10 23:42:18] [ INFO ] [BusinessDB:&L] update data employee started
[2022-03-10 23:42:18] [ INFO ] [BusinessDB:&L] update data employee: SUCCESS
[2022-03-10 23:42:18] [ INFO ] [BusinessDB:&L] Show Table Data init
[2022-03-10 23:42:18] [ DEBUG] [BusinessDB:&L] rs6: org.h2.result.LocalResult@4b0b0854 columns: 5 rows: 2 pos: 2
[2022-03-10 23:44:00] [ INFO ] [BusinessDB:&L] init Connection
[2022-03-10 23:44:00] [ INFO ] [BusinessDB:&L] Init Connection: SUCCESS
[2022-03-10 23:44:00] [ INFO ] [BusinessDB:&L] init DB
[2022-03-10 23:44:00] [ INFO ] [BusinessDB:&L] init DB: SUCCESS
[2022-03-10 23:44:00] [ INFO ] [BusinessDB:&L] try to insert employee1 data
[2022-03-10 23:44:00] [ INFO ] [BusinessDB:&L] try to insert employee1 data: SUCCESS 
[2022-03-10 23:44:00] [ INFO ] [BusinessDB:&L] try to insert employee2 data
[2022-03-10 23:44:00] [ INFO ] [BusinessDB:&L] try to insert employee1 data: SUCCESS 
[2022-03-10 23:44:00] [ INFO ] [BusinessDB:&L] try to insert employee3 data
[2022-03-10 23:44:00] [ ERROR] [BusinessDB:&L] insert data employee3 ERROR:org.h2.jdbc.JdbcSQLIntegrityConstraintViolationException: Violación de indice de Unicidad ó Clave primaria: "PRIMARY KEY ON PUBLIC.EMPRESA(ID) ( /* key:1 */ 1, 24, 'pablo', ' ventas ', '22/02/21')"
Unique index or primary key violation: "PRIMARY KEY ON PUBLIC.EMPRESA(ID) ( /* key:1 */ 1, 24, 'pablo', ' ventas ', '22/02/21')"; SQL statement:
INSERT INTO EMPRESA VALUES(1, 50 , 'pablo4', ' ventas ', '22/02/21') [23505-210]
[2022-03-10 23:44:00] [ INFO ] [BusinessDB:&L] Show Table Data init
[2022-03-10 23:44:00] [ DEBUG] [BusinessDB:&L] rs4: org.h2.result.LocalResult@3c130745 columns: 5 rows: 2 pos: 2
[2022-03-10 23:44:00] [ INFO ] [BusinessDB:&L] update data employee started
[2022-03-10 23:44:00] [ INFO ] [BusinessDB:&L] update data employee: SUCCESS
[2022-03-10 23:44:00] [ INFO ] [BusinessDB:&L] Show Table Data init
[2022-03-10 23:44:00] [ DEBUG] [BusinessDB:&L] rs6: org.h2.result.LocalResult@4b0b0854 columns: 5 rows: 1 pos: 1
[2022-03-10 23:45:02] [ INFO ] [BusinessDB:&L] init Connection
[2022-03-10 23:45:04] [ INFO ] [BusinessDB:&L] Init Connection: SUCCESS
[2022-03-10 23:45:04] [ INFO ] [BusinessDB:&L] init DB
[2022-03-10 23:45:04] [ INFO ] [BusinessDB:&L] init DB: SUCCESS
[2022-03-10 23:45:04] [ INFO ] [BusinessDB:&L] try to insert employee1 data
[2022-03-10 23:45:04] [ INFO ] [BusinessDB:&L] try to insert employee1 data: SUCCESS 
[2022-03-10 23:45:04] [ INFO ] [BusinessDB:&L] try to insert employee2 data
[2022-03-10 23:45:04] [ INFO ] [BusinessDB:&L] try to insert employee1 data: SUCCESS 
[2022-03-10 23:45:04] [ INFO ] [BusinessDB:&L] try to insert employee3 data
[2022-03-10 23:45:04] [ ERROR] [BusinessDB:&L] insert data employee3 ERROR:org.h2.jdbc.JdbcSQLIntegrityConstraintViolationException: Violación de indice de Unicidad ó Clave primaria: "PRIMARY KEY ON PUBLIC.EMPRESA(ID) ( /* key:1 */ 1, 24, 'pablo', ' ventas ', '22/02/21')"
Unique index or primary key violation: "PRIMARY KEY ON PUBLIC.EMPRESA(ID) ( /* key:1 */ 1, 24, 'pablo', ' ventas ', '22/02/21')"; SQL statement:
INSERT INTO EMPRESA VALUES(1, 50 , 'pablo4', ' ventas ', '22/02/21') [23505-210]
[2022-03-10 23:45:04] [ INFO ] [BusinessDB:&L] Show Table Data init
[2022-03-10 23:45:04] [ ERROR] [BusinessDB:&L] Show Table Data: ERRORorg.h2.jdbc.JdbcSQLNonTransientException: No hay datos disponibles.
No data is available [2000-210]
[2022-03-10 23:45:04] [ INFO ] [BusinessDB:&L] update data employee started
[2022-03-10 23:45:04] [ INFO ] [BusinessDB:&L] update data employee: SUCCESS
[2022-03-10 23:45:04] [ INFO ] [BusinessDB:&L] Show Table Data init
[2022-03-10 23:45:04] [ DEBUG] [BusinessDB:&L] rs6: org.h2.result.LocalResult@57c758ac columns: 5 rows: 1 pos: 1
[2022-03-10 23:46:01] [ INFO ] [BusinessDB:&L] init Connection
[2022-03-10 23:46:01] [ INFO ] [BusinessDB:&L] Init Connection: SUCCESS
[2022-03-10 23:46:01] [ INFO ] [BusinessDB:&L] init DB
[2022-03-10 23:46:01] [ INFO ] [BusinessDB:&L] init DB: SUCCESS
[2022-03-10 23:46:01] [ INFO ] [BusinessDB:&L] try to insert employee1 data
[2022-03-10 23:46:01] [ INFO ] [BusinessDB:&L] try to insert employee1 data: SUCCESS 
[2022-03-10 23:46:01] [ INFO ] [BusinessDB:&L] try to insert employee2 data
[2022-03-10 23:46:01] [ INFO ] [BusinessDB:&L] try to insert employee1 data: SUCCESS 
[2022-03-10 23:46:01] [ INFO ] [BusinessDB:&L] try to insert employee3 data
[2022-03-10 23:46:01] [ ERROR] [BusinessDB:&L] insert data employee3 ERROR:org.h2.jdbc.JdbcSQLIntegrityConstraintViolationException: Violación de indice de Unicidad ó Clave primaria: "PRIMARY KEY ON PUBLIC.EMPRESA(ID) ( /* key:1 */ 1, 24, 'pablo', ' ventas ', '22/02/21')"
Unique index or primary key violation: "PRIMARY KEY ON PUBLIC.EMPRESA(ID) ( /* key:1 */ 1, 24, 'pablo', ' ventas ', '22/02/21')"; SQL statement:
INSERT INTO EMPRESA VALUES(1, 50 , 'pablo4', ' ventas ', '22/02/21') [23505-210]
[2022-03-10 23:46:01] [ INFO ] [BusinessDB:&L] Show Table Data init
[2022-03-10 23:46:01] [ DEBUG] [BusinessDB:&L] rs4: org.h2.result.LocalResult@3c130745 columns: 5 rows: 2 pos: 2
[2022-03-10 23:46:01] [ INFO ] [BusinessDB:&L] update data employee started
[2022-03-10 23:46:01] [ INFO ] [BusinessDB:&L] update data employee: SUCCESS
[2022-03-10 23:46:01] [ INFO ] [BusinessDB:&L] Show Table Data init
[2022-03-10 23:46:01] [ DEBUG] [BusinessDB:&L] rs6: org.h2.result.LocalResult@4b0b0854 columns: 5 rows: 1 pos: 1
[2022-03-10 23:52:21] [ INFO ] [BusinessDB:&L] init Connection
[2022-03-10 23:52:21] [ INFO ] [BusinessDB:&L] Init Connection: SUCCESS
[2022-03-10 23:52:21] [ INFO ] [BusinessDB:&L] init DB
[2022-03-10 23:52:21] [ INFO ] [BusinessDB:&L] init DB: SUCCESS
[2022-03-10 23:52:21] [ INFO ] [BusinessDB:&L] try to insert employee1 data
[2022-03-10 23:52:21] [ INFO ] [BusinessDB:&L] try to insert employee1 data: SUCCESS 
[2022-03-10 23:52:21] [ INFO ] [BusinessDB:&L] try to insert employee2 data
[2022-03-10 23:52:21] [ INFO ] [BusinessDB:&L] try to insert employee1 data: SUCCESS 
[2022-03-10 23:52:21] [ INFO ] [BusinessDB:&L] try to insert employee3 data
[2022-03-10 23:52:21] [ ERROR] [BusinessDB:&L] insert data employee3 ERROR:org.h2.jdbc.JdbcSQLIntegrityConstraintViolationException: Violación de indice de Unicidad ó Clave primaria: "PRIMARY KEY ON PUBLIC.EMPRESA(ID) ( /* key:1 */ 1, 24, 'pablo', ' ventas ', '22/02/21')"
Unique index or primary key violation: "PRIMARY KEY ON PUBLIC.EMPRESA(ID) ( /* key:1 */ 1, 24, 'pablo', ' ventas ', '22/02/21')"; SQL statement:
INSERT INTO EMPRESA VALUES(1, 50 , 'pablo4', ' ventas ', '22/02/21') [23505-210]
[2022-03-10 23:52:21] [ INFO ] [BusinessDB:&L] Show Table Data init
[2022-03-10 23:52:21] [ DEBUG] [BusinessDB:&L] rs4: org.h2.result.LocalResult@3c130745 columns: 5 rows: 2 pos: 2
[2022-03-10 23:52:21] [ INFO ] [BusinessDB:&L] update data employee started
[2022-03-10 23:52:21] [ INFO ] [BusinessDB:&L] update data employee: SUCCESS
[2022-03-10 23:52:21] [ INFO ] [BusinessDB:&L] Show Table Data init
[2022-03-10 23:52:21] [ DEBUG] [BusinessDB:&L] rs6: org.h2.result.LocalResult@4b0b0854 columns: 5 rows: 1 pos: 1
[2022-03-10 23:52:21] [ INFO ] [BusinessDB:&L] Delete employee by ID init
[2022-03-10 23:52:21] [ DEBUG] [BusinessDB:&L] rs7: org.h2.result.LocalResult@19bb07ed columns: 5 rows: 1 pos: -1
[2022-03-10 23:52:21] [ INFO ] [BusinessDB:&L] Delete employee by ID: SUCCESS
[2022-03-10 23:52:21] [ INFO ] [BusinessDB:&L] Delete employee by Name
[2022-03-10 23:52:21] [ DEBUG] [BusinessDB:&L] rs9: org.h2.result.LocalResult@353d0772 columns: 5 rows: 1 pos: -1
[2022-03-10 23:52:21] [ INFO ] [BusinessDB:&L] Delete employee by Name: SUCCESS
